<?xml version='1.0' encoding='UTF-8'?>
<testsuite hostname="Jacobo" name="democracy.MajorityJudgementSuite" tests="9" errors="0" failures="0" skipped="0" time="0.255" timestamp="2022-07-17T22:29:01">
          <properties>
      <property name="java.specification.version" value="17"/><property name="sun.cpu.isalist" value="amd64"/><property name="sun.jnu.encoding" value="Cp1252"/><property name="sun.arch.data.model" value="64"/><property name="java.vendor.url" value="https://adoptium.net/"/><property name="sun.boot.library.path" value="C:\Program Files\Eclipse Foundation\jdk-17.0.0.35-hotspot\bin"/><property name="sun.java.command" value="xsbt.boot.Boot"/><property name="jdk.debug" value="release"/><property name="sun.stderr.encoding" value="cp850"/><property name="java.specification.vendor" value="Oracle Corporation"/><property name="java.version.date" value="2021-09-14"/><property name="java.home" value="C:\Program Files\Eclipse Foundation\jdk-17.0.0.35-hotspot"/><property name="file.separator" value="\"/><property name="java.vm.compressedOopsMode" value="32-bit"/><property name="line.separator" value="
"/><property name="sun.stdout.encoding" value="cp850"/><property name="java.vm.specification.vendor" value="Oracle Corporation"/><property name="java.specification.name" value="Java Platform API Specification"/><property name="user.script" value=""/><property name="sun.management.compiler" value="HotSpot 64-Bit Tiered Compilers"/><property name="java.runtime.version" value="17+35"/><property name="user.name" value="juanj"/><property name="log4j.ignoreTCL" value="true"/><property name="file.encoding" value="UTF-8"/><property name="jnidispatch.path" value="C:\Users\juanj\AppData\Local\Temp\jna-101475506\jna2949363772281258407.dll"/><property name="java.vendor.version" value="Temurin-17+35"/><property name="jna.loaded" value="true"/><property name="java.io.tmpdir" value="C:\Users\juanj\AppData\Local\Temp\"/><property name="java.version" value="17"/><property name="java.vm.specification.name" value="Java Virtual Machine Specification"/><property name="sun.os.patch.level" value=""/><property name="native.encoding" value="Cp1252"/><property name="java.library.path" value="C:\Program Files\Eclipse Foundation\jdk-17.0.0.35-hotspot\bin;C:\WINDOWS\Sun\Java\bin;C:\WINDOWS\system32;C:\WINDOWS;C:\Program Files\Eclipse Foundation\jdk-17.0.0.35-hotspot\bin;C:\Program Files\Eclipse Adoptium\jdk-11.0.14.101-hotspot\bin;C:\Program Files\Eclipse Foundation\jdk-17.0.0.35-hotspot\bin;C:\WINDOWS\system32;C:\WINDOWS;C:\WINDOWS\System32\Wbem;C:\WINDOWS\System32\WindowsPowerShell\v1.0\;C:\WINDOWS\System32\OpenSSH\;C:\Program Files\Git\cmd;C:\Program Files\nodejs\;C:\Program Files\dotnet\;C:\Program Files\flutter\bin;C:\Program Files\MATLAB\R2021b\bin;C:\Program Files\apache-maven-3.8.5\bin;C:\Users\juanj\AppData\Local\Microsoft\WindowsApps;C:\Users\juanj\AppData\Local\Programs\Microsoft VS Code\bin;C:\Users\juanj\AppData\Roaming\npm;C:\Program Files\heroku\bin;C:\Users\juanj\AppData\Local\Coursier\data\bin;C:\Users\juanj\AppData\Local\Coursier\data\bin;;."/><property name="java.vendor" value="Eclipse Adoptium"/><property name="scala.ext.dirs" value="C:\Users\juanj\.sbt\1.0\java9-rt-ext-eclipse_adoptium_17"/><property name="sun.io.unicode.encoding" value="UnicodeLittle"/><property name="java.class.path" value="C:\Users\juanj\AppData\Local\Coursier\cache\arc\https\github.com\sbt\sbt\releases\download\v1.6.2\sbt-1.6.2.zip\sbt\bin\sbt-launch.jar"/><property name="java.vm.vendor" value="Eclipse Adoptium"/><property name="user.variant" value=""/><property name="jline.shutdownhook" value="false"/><property name="user.timezone" value="America/Bogota"/><property name="java.vm.specification.version" value="17"/><property name="os.name" value="Windows 10"/><property name="sun.java.launcher" value="SUN_STANDARD"/><property name="user.country" value="CO"/><property name="sun.cpu.endian" value="little"/><property name="user.home" value="C:\Users\juanj"/><property name="user.language" value="es"/><property name="swoval.tmpdir" value="C:\Users\juanj\.sbt\1.0"/><property name="jline.esc.timeout" value="0"/><property name="path.separator" value=";"/><property name="os.version" value="10.0"/><property name="jna.nosys" value="true"/><property name="java.runtime.name" value="OpenJDK Runtime Environment"/><property name="java.vm.name" value="OpenJDK 64-Bit Server VM"/><property name="java.vendor.url.bug" value="https://github.com/adoptium/adoptium-support/issues"/><property name="user.dir" value="C:\Users\juanj\Desktop\democracy"/><property name="os.arch" value="amd64"/><property name="java.vm.info" value="mixed mode, sharing"/><property name="java.vm.version" value="17+35"/><property name="java.class.version" value="61.0"/>
    </properties>
          <testcase classname="democracy.MajorityJudgementSuite" name="The median of an empty collection is undefined" time="0.05">
                      
                    </testcase><testcase classname="democracy.MajorityJudgementSuite" name="The median of a collection with a single element should be that element" time="0.0">
                      
                    </testcase><testcase classname="democracy.MajorityJudgementSuite" name="The median of a collection with two elements can be any of those two elements" time="0.007">
                      
                    </testcase><testcase classname="democracy.MajorityJudgementSuite" name="The first (resp. second) half of a sorted collection should be lower (resp. higher) than the median grade" time="0.028">
                      
                    </testcase><testcase classname="democracy.MajorityJudgementSuite" name="A median value minimizes the arithmetic mean of the absolute deviations of a collection" time="0.02">
                      
                    </testcase><testcase classname="democracy.MajorityJudgementSuite" name="The winner is the candidate that received an absolute majority of the highest grades given by all the voters" time="0.14">
                      
                    </testcase><testcase classname="democracy.MajorityJudgementSuite" name="full scenario with no tie-break" time="0.0">
                      
                    </testcase><testcase classname="democracy.MajorityJudgementSuite" name="full scenario with a tie-break" time="0.0">
                      
                    </testcase><testcase classname="democracy.MajorityJudgementSuite" name="full scenario with a tie-break and the same grades for cooking and hiking" time="0.01">
                      
                    </testcase>
          <system-out><![CDATA[]]></system-out>
          <system-err><![CDATA[]]></system-err>
        </testsuite>